Traceback (most recent call last):
  File "/usr/local/python/3.12.1/lib/python3.12/site-packages/jupyter_cache/executors/utils.py", line 58, in single_nb_execution
    executenb(
  File "/usr/local/python/3.12.1/lib/python3.12/site-packages/nbclient/client.py", line 1305, in execute
    return NotebookClient(nb=nb, resources=resources, km=km, **kwargs).execute()
           ^^^^^^^^^^^^^^^^^^^^^^^^^^^^^^^^^^^^^^^^^^^^^^^^^^^^^^^^^^^^^^^^^^^^^
  File "/home/codespace/.local/lib/python3.12/site-packages/jupyter_core/utils/__init__.py", line 165, in wrapped
    return loop.run_until_complete(inner)
           ^^^^^^^^^^^^^^^^^^^^^^^^^^^^^^
  File "/usr/local/python/3.12.1/lib/python3.12/asyncio/base_events.py", line 684, in run_until_complete
    return future.result()
           ^^^^^^^^^^^^^^^
  File "/usr/local/python/3.12.1/lib/python3.12/site-packages/nbclient/client.py", line 705, in async_execute
    await self.async_execute_cell(
  File "/usr/local/python/3.12.1/lib/python3.12/site-packages/nbclient/client.py", line 1058, in async_execute_cell
    await self._check_raise_for_error(cell, cell_index, exec_reply)
  File "/usr/local/python/3.12.1/lib/python3.12/site-packages/nbclient/client.py", line 914, in _check_raise_for_error
    raise CellExecutionError.from_cell_and_msg(cell, exec_reply_content)
nbclient.exceptions.CellExecutionError: An error occurred while executing the following cell:
------------------
import pandas as pd
import numpy as np
# Generating baseline and post-treatment cortisol levels (ng/mL)
baseline_cortisol = 250  # Assuming an average baseline cortisol level for all participants
std_dev_baseline = 25  # Standard deviation for baseline cortisol levels

# Hypothetical costs (arbitrary units) reflecting effectiveness
costs = {
    'Medicine A': 100,  # Most effective and expensive
    'Medicine B': 90,  # As effective as A but slightly cheaper
    'Medicine C': 70,  # Moderately effective
    'Placebo': 2      # Minimal cost
}

# Adjusted effectiveness in terms of reduction in cortisol levels
effectiveness = {
    'Placebo': -5,  # Minimal increase to simulate no real change
    'Medicine A': -50,  # Significant reduction
    'Medicine B': -50,  # Significant reduction
    'Medicine C': -30  # Moderate reduction
}

# Generate synthetic cortisol data
cortisol_data = []
for group, reduction in effectiveness.items():
    baseline_levels = np.random.normal(baseline_cortisol, std_dev_baseline, 8)  # 8 participants
    post_treatment_levels = baseline_levels + np.random.normal(reduction, 10, 8)  # Adding variability to the reduction
    for baseline, post_treatment in zip(baseline_levels, post_treatment_levels):
        cortisol_data.append({
            'Group': group,
            'Baseline Cortisol (ng/mL)': baseline,
            'Post-Treatment Cortisol (ng/mL)': post_treatment,
            'ΔCortisol': post_treatment - baseline
        })

cortisol_df = pd.DataFrame(cortisol_data)

cortisol_df['Cost'] = cortisol_df['Group'].map(costs)

cortisol_df

------------------


[31m---------------------------------------------------------------------------[39m
[31mModuleNotFoundError[39m                       Traceback (most recent call last)
[36mCell[39m[36m [39m[32mIn[1][39m[32m, line 1[39m
[32m----> [39m[32m1[39m [38;5;28;01mimport[39;00m[38;5;250m [39m[34;01mpandas[39;00m[38;5;250m [39m[38;5;28;01mas[39;00m[38;5;250m [39m[34;01mpd[39;00m
[32m      2[39m [38;5;28;01mimport[39;00m[38;5;250m [39m[34;01mnumpy[39;00m[38;5;250m [39m[38;5;28;01mas[39;00m[38;5;250m [39m[34;01mnp[39;00m
[32m      3[39m [38;5;66;03m# Generating baseline and post-treatment cortisol levels (ng/mL)[39;00m

[31mModuleNotFoundError[39m: No module named 'pandas'

